{"/Users/Chris/304_RestAPI/js/auth.js":{"path":"/Users/Chris/304_RestAPI/js/auth.js","s":{"1":1,"2":1,"3":1,"4":1,"5":1,"6":1,"7":14,"8":14,"9":12,"10":12,"11":5,"12":12,"13":12,"14":12,"15":0,"16":0,"17":0,"18":12,"19":0,"20":12,"21":2,"22":1,"23":3,"24":3,"25":2,"26":2,"27":0,"28":2,"29":2,"30":0,"31":2,"32":2,"33":2,"34":0,"35":0,"36":0,"37":2,"38":1,"39":16,"40":16,"41":16,"42":16,"43":0,"44":16,"45":3,"46":13,"47":1,"48":2,"49":2,"50":2,"51":2,"52":2,"53":0,"54":2,"55":2,"56":0,"57":2,"58":1,"59":2,"60":2,"61":2,"62":2,"63":0,"64":2,"65":1,"66":2,"67":2,"68":2,"69":2,"70":0,"71":2,"72":0,"73":2,"74":1,"75":2,"76":2,"77":2,"78":2,"79":0,"80":2,"81":1,"82":2,"83":2,"84":2,"85":2,"86":0,"87":2,"88":2,"89":0,"90":2,"91":2,"92":2,"93":0,"94":2},"b":{"1":[5,7],"2":[0,12],"3":[0,0],"4":[0,12],"5":[0,2],"6":[0,2],"7":[0,2],"8":[0,0],"9":[0,16],"10":[3,13],"11":[0,2],"12":[0,2],"13":[0,2],"14":[0,2],"15":[0,2],"16":[0,2],"17":[0,2],"18":[0,2],"19":[0,2]},"f":{"1":14,"2":3,"3":16,"4":2,"5":2,"6":2,"7":2,"8":2},"fnMap":{"1":{"name":"(anonymous_1)","line":24,"loc":{"start":{"line":24,"column":23},"end":{"line":24,"column":52}}},"2":{"name":"(anonymous_2)","line":60,"loc":{"start":{"line":60,"column":26},"end":{"line":60,"column":41}}},"3":{"name":"(anonymous_3)","line":97,"loc":{"start":{"line":97,"column":35},"end":{"line":97,"column":54}}},"4":{"name":"(anonymous_4)","line":119,"loc":{"start":{"line":119,"column":25},"end":{"line":119,"column":40}}},"5":{"name":"(anonymous_5)","line":145,"loc":{"start":{"line":145,"column":30},"end":{"line":145,"column":55}}},"6":{"name":"(anonymous_6)","line":163,"loc":{"start":{"line":163,"column":31},"end":{"line":163,"column":46}}},"7":{"name":"(anonymous_7)","line":184,"loc":{"start":{"line":184,"column":30},"end":{"line":184,"column":45}}},"8":{"name":"(anonymous_8)","line":203,"loc":{"start":{"line":203,"column":32},"end":{"line":203,"column":56}}}},"statementMap":{"1":{"start":{"line":3,"column":0},"end":{"line":3,"column":30}},"2":{"start":{"line":4,"column":0},"end":{"line":4,"column":28}},"3":{"start":{"line":6,"column":0},"end":{"line":13,"column":2}},"4":{"start":{"line":15,"column":0},"end":{"line":15,"column":14}},"5":{"start":{"line":16,"column":0},"end":{"line":16,"column":18}},"6":{"start":{"line":24,"column":0},"end":{"line":53,"column":1}},"7":{"start":{"line":25,"column":1},"end":{"line":52,"column":3}},"8":{"start":{"line":26,"column":2},"end":{"line":51,"column":4}},"9":{"start":{"line":27,"column":3},"end":{"line":48,"column":5}},"10":{"start":{"line":28,"column":4},"end":{"line":30,"column":5}},"11":{"start":{"line":29,"column":5},"end":{"line":29,"column":16}},"12":{"start":{"line":32,"column":4},"end":{"line":32,"column":103}},"13":{"start":{"line":34,"column":4},"end":{"line":47,"column":6}},"14":{"start":{"line":35,"column":5},"end":{"line":41,"column":6}},"15":{"start":{"line":36,"column":6},"end":{"line":40,"column":7}},"16":{"start":{"line":37,"column":7},"end":{"line":37,"column":31}},"17":{"start":{"line":39,"column":7},"end":{"line":39,"column":33}},"18":{"start":{"line":42,"column":5},"end":{"line":46,"column":6}},"19":{"start":{"line":43,"column":6},"end":{"line":43,"column":46}},"20":{"start":{"line":45,"column":6},"end":{"line":45,"column":18}},"21":{"start":{"line":50,"column":3},"end":{"line":50,"column":27}},"22":{"start":{"line":60,"column":0},"end":{"line":90,"column":1}},"23":{"start":{"line":61,"column":1},"end":{"line":89,"column":3}},"24":{"start":{"line":62,"column":2},"end":{"line":62,"column":32}},"25":{"start":{"line":64,"column":2},"end":{"line":88,"column":4}},"26":{"start":{"line":65,"column":3},"end":{"line":67,"column":4}},"27":{"start":{"line":66,"column":4},"end":{"line":66,"column":15}},"28":{"start":{"line":69,"column":3},"end":{"line":87,"column":5}},"29":{"start":{"line":70,"column":4},"end":{"line":72,"column":5}},"30":{"start":{"line":71,"column":5},"end":{"line":71,"column":16}},"31":{"start":{"line":74,"column":4},"end":{"line":74,"column":130}},"32":{"start":{"line":76,"column":4},"end":{"line":86,"column":6}},"33":{"start":{"line":77,"column":5},"end":{"line":85,"column":6}},"34":{"start":{"line":78,"column":6},"end":{"line":82,"column":7}},"35":{"start":{"line":79,"column":7},"end":{"line":79,"column":31}},"36":{"start":{"line":81,"column":7},"end":{"line":81,"column":33}},"37":{"start":{"line":84,"column":6},"end":{"line":84,"column":31}},"38":{"start":{"line":97,"column":0},"end":{"line":113,"column":1}},"39":{"start":{"line":98,"column":1},"end":{"line":112,"column":3}},"40":{"start":{"line":100,"column":2},"end":{"line":100,"column":73}},"41":{"start":{"line":101,"column":2},"end":{"line":111,"column":4}},"42":{"start":{"line":102,"column":3},"end":{"line":104,"column":4}},"43":{"start":{"line":103,"column":4},"end":{"line":103,"column":15}},"44":{"start":{"line":106,"column":3},"end":{"line":110,"column":4}},"45":{"start":{"line":107,"column":4},"end":{"line":107,"column":28}},"46":{"start":{"line":109,"column":4},"end":{"line":109,"column":27}},"47":{"start":{"line":119,"column":0},"end":{"line":137,"column":1}},"48":{"start":{"line":120,"column":1},"end":{"line":136,"column":3}},"49":{"start":{"line":121,"column":2},"end":{"line":121,"column":71}},"50":{"start":{"line":122,"column":2},"end":{"line":122,"column":67}},"51":{"start":{"line":123,"column":2},"end":{"line":135,"column":4}},"52":{"start":{"line":124,"column":3},"end":{"line":134,"column":4}},"53":{"start":{"line":125,"column":4},"end":{"line":125,"column":25}},"54":{"start":{"line":127,"column":4},"end":{"line":133,"column":6}},"55":{"start":{"line":128,"column":5},"end":{"line":132,"column":6}},"56":{"start":{"line":129,"column":6},"end":{"line":129,"column":17}},"57":{"start":{"line":131,"column":6},"end":{"line":131,"column":18}},"58":{"start":{"line":145,"column":0},"end":{"line":156,"column":1}},"59":{"start":{"line":146,"column":1},"end":{"line":155,"column":3}},"60":{"start":{"line":147,"column":2},"end":{"line":147,"column":108}},"61":{"start":{"line":148,"column":2},"end":{"line":154,"column":4}},"62":{"start":{"line":149,"column":3},"end":{"line":153,"column":4}},"63":{"start":{"line":150,"column":4},"end":{"line":150,"column":15}},"64":{"start":{"line":152,"column":4},"end":{"line":152,"column":16}},"65":{"start":{"line":163,"column":0},"end":{"line":177,"column":1}},"66":{"start":{"line":164,"column":1},"end":{"line":176,"column":3}},"67":{"start":{"line":165,"column":2},"end":{"line":165,"column":82}},"68":{"start":{"line":166,"column":2},"end":{"line":175,"column":4}},"69":{"start":{"line":167,"column":3},"end":{"line":169,"column":4}},"70":{"start":{"line":168,"column":4},"end":{"line":168,"column":15}},"71":{"start":{"line":170,"column":3},"end":{"line":174,"column":4}},"72":{"start":{"line":171,"column":4},"end":{"line":171,"column":35}},"73":{"start":{"line":173,"column":4},"end":{"line":173,"column":16}},"74":{"start":{"line":184,"column":0},"end":{"line":195,"column":1}},"75":{"start":{"line":185,"column":1},"end":{"line":194,"column":3}},"76":{"start":{"line":186,"column":2},"end":{"line":186,"column":71}},"77":{"start":{"line":187,"column":2},"end":{"line":193,"column":4}},"78":{"start":{"line":188,"column":3},"end":{"line":192,"column":4}},"79":{"start":{"line":189,"column":4},"end":{"line":189,"column":25}},"80":{"start":{"line":191,"column":4},"end":{"line":191,"column":16}},"81":{"start":{"line":203,"column":0},"end":{"line":227,"column":1}},"82":{"start":{"line":204,"column":1},"end":{"line":226,"column":3}},"83":{"start":{"line":205,"column":2},"end":{"line":205,"column":34}},"84":{"start":{"line":207,"column":2},"end":{"line":225,"column":4}},"85":{"start":{"line":208,"column":3},"end":{"line":210,"column":4}},"86":{"start":{"line":209,"column":4},"end":{"line":209,"column":24}},"87":{"start":{"line":212,"column":3},"end":{"line":224,"column":5}},"88":{"start":{"line":213,"column":4},"end":{"line":215,"column":5}},"89":{"start":{"line":214,"column":5},"end":{"line":214,"column":16}},"90":{"start":{"line":216,"column":4},"end":{"line":216,"column":100}},"91":{"start":{"line":217,"column":4},"end":{"line":223,"column":6}},"92":{"start":{"line":218,"column":5},"end":{"line":222,"column":6}},"93":{"start":{"line":219,"column":6},"end":{"line":219,"column":27}},"94":{"start":{"line":221,"column":6},"end":{"line":221,"column":18}}},"branchMap":{"1":{"line":28,"type":"if","locations":[{"start":{"line":28,"column":4},"end":{"line":28,"column":4}},{"start":{"line":28,"column":4},"end":{"line":28,"column":4}}]},"2":{"line":35,"type":"if","locations":[{"start":{"line":35,"column":5},"end":{"line":35,"column":5}},{"start":{"line":35,"column":5},"end":{"line":35,"column":5}}]},"3":{"line":36,"type":"if","locations":[{"start":{"line":36,"column":6},"end":{"line":36,"column":6}},{"start":{"line":36,"column":6},"end":{"line":36,"column":6}}]},"4":{"line":42,"type":"if","locations":[{"start":{"line":42,"column":5},"end":{"line":42,"column":5}},{"start":{"line":42,"column":5},"end":{"line":42,"column":5}}]},"5":{"line":65,"type":"if","locations":[{"start":{"line":65,"column":3},"end":{"line":65,"column":3}},{"start":{"line":65,"column":3},"end":{"line":65,"column":3}}]},"6":{"line":70,"type":"if","locations":[{"start":{"line":70,"column":4},"end":{"line":70,"column":4}},{"start":{"line":70,"column":4},"end":{"line":70,"column":4}}]},"7":{"line":77,"type":"if","locations":[{"start":{"line":77,"column":5},"end":{"line":77,"column":5}},{"start":{"line":77,"column":5},"end":{"line":77,"column":5}}]},"8":{"line":78,"type":"if","locations":[{"start":{"line":78,"column":6},"end":{"line":78,"column":6}},{"start":{"line":78,"column":6},"end":{"line":78,"column":6}}]},"9":{"line":102,"type":"if","locations":[{"start":{"line":102,"column":3},"end":{"line":102,"column":3}},{"start":{"line":102,"column":3},"end":{"line":102,"column":3}}]},"10":{"line":106,"type":"if","locations":[{"start":{"line":106,"column":3},"end":{"line":106,"column":3}},{"start":{"line":106,"column":3},"end":{"line":106,"column":3}}]},"11":{"line":124,"type":"if","locations":[{"start":{"line":124,"column":3},"end":{"line":124,"column":3}},{"start":{"line":124,"column":3},"end":{"line":124,"column":3}}]},"12":{"line":128,"type":"if","locations":[{"start":{"line":128,"column":5},"end":{"line":128,"column":5}},{"start":{"line":128,"column":5},"end":{"line":128,"column":5}}]},"13":{"line":149,"type":"if","locations":[{"start":{"line":149,"column":3},"end":{"line":149,"column":3}},{"start":{"line":149,"column":3},"end":{"line":149,"column":3}}]},"14":{"line":167,"type":"if","locations":[{"start":{"line":167,"column":3},"end":{"line":167,"column":3}},{"start":{"line":167,"column":3},"end":{"line":167,"column":3}}]},"15":{"line":170,"type":"if","locations":[{"start":{"line":170,"column":3},"end":{"line":170,"column":3}},{"start":{"line":170,"column":3},"end":{"line":170,"column":3}}]},"16":{"line":188,"type":"if","locations":[{"start":{"line":188,"column":3},"end":{"line":188,"column":3}},{"start":{"line":188,"column":3},"end":{"line":188,"column":3}}]},"17":{"line":208,"type":"if","locations":[{"start":{"line":208,"column":3},"end":{"line":208,"column":3}},{"start":{"line":208,"column":3},"end":{"line":208,"column":3}}]},"18":{"line":213,"type":"if","locations":[{"start":{"line":213,"column":4},"end":{"line":213,"column":4}},{"start":{"line":213,"column":4},"end":{"line":213,"column":4}}]},"19":{"line":218,"type":"if","locations":[{"start":{"line":218,"column":5},"end":{"line":218,"column":5}},{"start":{"line":218,"column":5},"end":{"line":218,"column":5}}]}}},"/Users/Chris/304_RestAPI/js/foursquare.js":{"path":"/Users/Chris/304_RestAPI/js/foursquare.js","s":{"1":1,"2":1,"3":1,"4":1,"5":1,"6":1,"7":1,"8":1,"9":1,"10":1,"11":1,"12":4,"13":4,"14":4,"15":4,"16":4,"17":4,"18":30,"19":4,"20":4,"21":4,"22":2,"23":2,"24":2,"25":20,"26":20,"27":2,"28":1,"29":2,"30":2,"31":2,"32":2,"33":2,"34":46,"35":2,"36":2,"37":2,"38":2,"39":20,"40":20,"41":2},"b":{"1":[2,2]},"f":{"1":4},"fnMap":{"1":{"name":"(anonymous_1)","line":22,"loc":{"start":{"line":22,"column":24},"end":{"line":22,"column":59}}}},"statementMap":{"1":{"start":{"line":3,"column":0},"end":{"line":3,"column":33}},"2":{"start":{"line":4,"column":0},"end":{"line":4,"column":33}},"3":{"start":{"line":5,"column":0},"end":{"line":5,"column":69}},"4":{"start":{"line":6,"column":0},"end":{"line":6,"column":73}},"5":{"start":{"line":7,"column":0},"end":{"line":7,"column":23}},"6":{"start":{"line":8,"column":0},"end":{"line":8,"column":53}},"7":{"start":{"line":9,"column":0},"end":{"line":9,"column":44}},"8":{"start":{"line":10,"column":0},"end":{"line":10,"column":19}},"9":{"start":{"line":11,"column":0},"end":{"line":11,"column":20}},"10":{"start":{"line":12,"column":0},"end":{"line":12,"column":18}},"11":{"start":{"line":22,"column":0},"end":{"line":48,"column":2}},"12":{"start":{"line":23,"column":1},"end":{"line":48,"column":1}},"13":{"start":{"line":25,"column":2},"end":{"line":25,"column":148}},"14":{"start":{"line":26,"column":2},"end":{"line":26,"column":30}},"15":{"start":{"line":28,"column":2},"end":{"line":46,"column":4}},"16":{"start":{"line":29,"column":3},"end":{"line":29,"column":15}},"17":{"start":{"line":30,"column":3},"end":{"line":32,"column":5}},"18":{"start":{"line":31,"column":4},"end":{"line":31,"column":17}},"19":{"start":{"line":33,"column":3},"end":{"line":45,"column":5}},"20":{"start":{"line":34,"column":4},"end":{"line":34,"column":34}},"21":{"start":{"line":35,"column":4},"end":{"line":44,"column":5}},"22":{"start":{"line":36,"column":5},"end":{"line":36,"column":29}},"23":{"start":{"line":38,"column":5},"end":{"line":38,"column":86}},"24":{"start":{"line":39,"column":5},"end":{"line":42,"column":6}},"25":{"start":{"line":40,"column":6},"end":{"line":40,"column":56}},"26":{"start":{"line":41,"column":6},"end":{"line":41,"column":51}},"27":{"start":{"line":43,"column":5},"end":{"line":43,"column":17}},"28":{"start":{"line":54,"column":0},"end":{"line":75,"column":1}},"29":{"start":{"line":56,"column":1},"end":{"line":56,"column":140}},"30":{"start":{"line":57,"column":1},"end":{"line":74,"column":3}},"31":{"start":{"line":58,"column":2},"end":{"line":73,"column":4}},"32":{"start":{"line":60,"column":3},"end":{"line":60,"column":15}},"33":{"start":{"line":61,"column":3},"end":{"line":63,"column":5}},"34":{"start":{"line":62,"column":4},"end":{"line":62,"column":17}},"35":{"start":{"line":64,"column":3},"end":{"line":72,"column":5}},"36":{"start":{"line":65,"column":4},"end":{"line":65,"column":32}},"37":{"start":{"line":66,"column":4},"end":{"line":66,"column":18}},"38":{"start":{"line":67,"column":4},"end":{"line":70,"column":5}},"39":{"start":{"line":68,"column":5},"end":{"line":68,"column":50}},"40":{"start":{"line":69,"column":5},"end":{"line":69,"column":49}},"41":{"start":{"line":71,"column":4},"end":{"line":71,"column":15}}},"branchMap":{"1":{"line":35,"type":"if","locations":[{"start":{"line":35,"column":4},"end":{"line":35,"column":4}},{"start":{"line":35,"column":4},"end":{"line":35,"column":4}}]}}},"/Users/Chris/304_RestAPI/js/geoCoder.js":{"path":"/Users/Chris/304_RestAPI/js/geoCoder.js","s":{"1":1,"2":1,"3":6,"4":6,"5":6,"6":1,"7":5},"b":{"1":[1,5]},"f":{"1":6,"2":6},"fnMap":{"1":{"name":"(anonymous_1)","line":10,"loc":{"start":{"line":10,"column":17},"end":{"line":10,"column":33}}},"2":{"name":"(anonymous_2)","line":13,"loc":{"start":{"line":13,"column":28},"end":{"line":13,"column":46}}}},"statementMap":{"1":{"start":{"line":3,"column":0},"end":{"line":3,"column":39}},"2":{"start":{"line":10,"column":0},"end":{"line":21,"column":1}},"3":{"start":{"line":11,"column":1},"end":{"line":20,"column":3}},"4":{"start":{"line":13,"column":2},"end":{"line":19,"column":4}},"5":{"start":{"line":14,"column":3},"end":{"line":18,"column":4}},"6":{"start":{"line":15,"column":4},"end":{"line":15,"column":15}},"7":{"start":{"line":17,"column":4},"end":{"line":17,"column":15}}},"branchMap":{"1":{"line":14,"type":"if","locations":[{"start":{"line":14,"column":3},"end":{"line":14,"column":3}},{"start":{"line":14,"column":3},"end":{"line":14,"column":3}}]}}},"/Users/Chris/304_RestAPI/js/index.js":{"path":"/Users/Chris/304_RestAPI/js/index.js","s":{"1":1,"2":1,"3":1,"4":1,"5":1,"6":1,"7":1,"8":1,"9":1,"10":1,"11":1,"12":1,"13":1,"14":1,"15":1,"16":1,"17":1,"18":1,"19":1,"20":1,"21":1,"22":2,"23":2,"24":2,"25":2,"26":2,"27":2,"28":2,"29":2,"30":1,"31":1,"32":0,"33":1,"34":2,"35":2,"36":2,"37":0,"38":1,"39":1,"40":0,"41":1,"42":1,"43":0,"44":1,"45":2,"46":1,"47":1,"48":1,"49":2,"50":2,"51":2,"52":1,"53":1,"54":0,"55":1,"56":1,"57":2,"58":2,"59":2,"60":1,"61":1,"62":0,"63":1,"64":1,"65":0,"66":1,"67":0,"68":1,"69":0,"70":1,"71":0,"72":1,"73":2,"74":2,"75":2,"76":1,"77":0,"78":1,"79":1,"80":0,"81":1,"82":0,"83":1,"84":1,"85":2,"86":2,"87":2,"88":1,"89":0,"90":1,"91":1,"92":0,"93":1,"94":0,"95":1,"96":0,"97":1,"98":1,"99":2,"100":2,"101":2,"102":1,"103":0,"104":1,"105":1,"106":0,"107":1,"108":0,"109":1,"110":0,"111":1,"112":1,"113":2,"114":2,"115":2,"116":2,"117":1,"118":0,"119":1,"120":1,"121":0,"122":1,"123":0,"124":1,"125":0,"126":1,"127":1,"128":1,"129":1},"b":{"1":[0,1],"2":[1,0],"3":[0,1],"4":[0,1],"5":[0,1],"6":[0,1],"7":[0,1],"8":[0,1],"9":[0,1],"10":[0,1],"11":[0,1],"12":[0,1],"13":[0,1],"14":[0,1],"15":[0,1],"16":[0,1]},"f":{},"fnMap":{},"statementMap":{"1":{"start":{"line":2,"column":0},"end":{"line":2,"column":41}},"2":{"start":{"line":3,"column":0},"end":{"line":3,"column":43}},"3":{"start":{"line":4,"column":0},"end":{"line":4,"column":46}},"4":{"start":{"line":5,"column":0},"end":{"line":5,"column":45}},"5":{"start":{"line":6,"column":0},"end":{"line":6,"column":33}},"6":{"start":{"line":7,"column":0},"end":{"line":7,"column":34}},"7":{"start":{"line":8,"column":0},"end":{"line":8,"column":16}},"8":{"start":{"line":9,"column":0},"end":{"line":9,"column":17}},"9":{"start":{"line":10,"column":0},"end":{"line":10,"column":20}},"10":{"start":{"line":11,"column":0},"end":{"line":11,"column":15}},"11":{"start":{"line":12,"column":0},"end":{"line":15,"column":2}},"12":{"start":{"line":16,"column":0},"end":{"line":25,"column":1}},"13":{"start":{"line":32,"column":0},"end":{"line":38,"column":1}},"14":{"start":{"line":33,"column":1},"end":{"line":33,"column":69}},"15":{"start":{"line":34,"column":1},"end":{"line":37,"column":3}},"16":{"start":{"line":35,"column":2},"end":{"line":35,"column":40}},"17":{"start":{"line":36,"column":2},"end":{"line":36,"column":68}},"18":{"start":{"line":44,"column":0},"end":{"line":44,"column":6}},"19":{"start":{"line":46,"column":0},"end":{"line":46,"column":33}},"20":{"start":{"line":47,"column":0},"end":{"line":47,"column":32}},"21":{"start":{"line":52,"column":0},"end":{"line":67,"column":2}},"22":{"start":{"line":53,"column":1},"end":{"line":53,"column":30}},"23":{"start":{"line":54,"column":1},"end":{"line":54,"column":33}},"24":{"start":{"line":55,"column":1},"end":{"line":55,"column":27}},"25":{"start":{"line":56,"column":1},"end":{"line":66,"column":64}},"26":{"start":{"line":57,"column":2},"end":{"line":57,"column":79}},"27":{"start":{"line":58,"column":2},"end":{"line":58,"column":79}},"28":{"start":{"line":59,"column":2},"end":{"line":65,"column":5}},"29":{"start":{"line":61,"column":4},"end":{"line":64,"column":66}},"30":{"start":{"line":63,"column":5},"end":{"line":63,"column":20}},"31":{"start":{"line":64,"column":22},"end":{"line":64,"column":65}},"32":{"start":{"line":66,"column":19},"end":{"line":66,"column":63}},"33":{"start":{"line":72,"column":0},"end":{"line":81,"column":2}},"34":{"start":{"line":73,"column":1},"end":{"line":80,"column":3}},"35":{"start":{"line":74,"column":2},"end":{"line":79,"column":4}},"36":{"start":{"line":75,"column":3},"end":{"line":75,"column":20}},"37":{"start":{"line":78,"column":3},"end":{"line":78,"column":47}},"38":{"start":{"line":86,"column":0},"end":{"line":97,"column":2}},"39":{"start":{"line":87,"column":1},"end":{"line":96,"column":2}},"40":{"start":{"line":88,"column":2},"end":{"line":88,"column":31}},"41":{"start":{"line":90,"column":2},"end":{"line":95,"column":4}},"42":{"start":{"line":91,"column":3},"end":{"line":91,"column":21}},"43":{"start":{"line":94,"column":3},"end":{"line":94,"column":47}},"44":{"start":{"line":102,"column":0},"end":{"line":105,"column":2}},"45":{"start":{"line":103,"column":1},"end":{"line":104,"column":62}},"46":{"start":{"line":103,"column":41},"end":{"line":103,"column":75}},"47":{"start":{"line":104,"column":17},"end":{"line":104,"column":61}},"48":{"start":{"line":110,"column":0},"end":{"line":121,"column":2}},"49":{"start":{"line":111,"column":1},"end":{"line":111,"column":38}},"50":{"start":{"line":112,"column":1},"end":{"line":112,"column":38}},"51":{"start":{"line":113,"column":1},"end":{"line":120,"column":55}},"52":{"start":{"line":114,"column":2},"end":{"line":118,"column":3}},"53":{"start":{"line":115,"column":3},"end":{"line":115,"column":22}},"54":{"start":{"line":117,"column":3},"end":{"line":117,"column":52}},"55":{"start":{"line":120,"column":17},"end":{"line":120,"column":54}},"56":{"start":{"line":126,"column":0},"end":{"line":149,"column":2}},"57":{"start":{"line":127,"column":1},"end":{"line":127,"column":38}},"58":{"start":{"line":128,"column":1},"end":{"line":128,"column":38}},"59":{"start":{"line":129,"column":1},"end":{"line":148,"column":57}},"60":{"start":{"line":130,"column":2},"end":{"line":130,"column":43}},"61":{"start":{"line":131,"column":2},"end":{"line":141,"column":3}},"62":{"start":{"line":132,"column":3},"end":{"line":132,"column":35}},"63":{"start":{"line":134,"column":3},"end":{"line":140,"column":65}},"64":{"start":{"line":135,"column":4},"end":{"line":139,"column":5}},"65":{"start":{"line":136,"column":5},"end":{"line":136,"column":44}},"66":{"start":{"line":138,"column":5},"end":{"line":138,"column":32}},"67":{"start":{"line":140,"column":21},"end":{"line":140,"column":64}},"68":{"start":{"line":143,"column":2},"end":{"line":147,"column":3}},"69":{"start":{"line":144,"column":3},"end":{"line":144,"column":35}},"70":{"start":{"line":146,"column":3},"end":{"line":146,"column":47}},"71":{"start":{"line":148,"column":19},"end":{"line":148,"column":56}},"72":{"start":{"line":154,"column":0},"end":{"line":172,"column":2}},"73":{"start":{"line":155,"column":1},"end":{"line":155,"column":38}},"74":{"start":{"line":156,"column":1},"end":{"line":156,"column":38}},"75":{"start":{"line":157,"column":1},"end":{"line":171,"column":3}},"76":{"start":{"line":158,"column":2},"end":{"line":168,"column":3}},"77":{"start":{"line":159,"column":3},"end":{"line":159,"column":35}},"78":{"start":{"line":161,"column":3},"end":{"line":167,"column":65}},"79":{"start":{"line":162,"column":4},"end":{"line":166,"column":5}},"80":{"start":{"line":163,"column":5},"end":{"line":163,"column":30}},"81":{"start":{"line":165,"column":5},"end":{"line":165,"column":43}},"82":{"start":{"line":167,"column":21},"end":{"line":167,"column":64}},"83":{"start":{"line":170,"column":2},"end":{"line":170,"column":39}},"84":{"start":{"line":177,"column":0},"end":{"line":199,"column":2}},"85":{"start":{"line":178,"column":1},"end":{"line":178,"column":38}},"86":{"start":{"line":179,"column":1},"end":{"line":179,"column":38}},"87":{"start":{"line":180,"column":1},"end":{"line":198,"column":3}},"88":{"start":{"line":181,"column":2},"end":{"line":191,"column":3}},"89":{"start":{"line":182,"column":3},"end":{"line":182,"column":35}},"90":{"start":{"line":184,"column":3},"end":{"line":190,"column":65}},"91":{"start":{"line":185,"column":4},"end":{"line":189,"column":5}},"92":{"start":{"line":186,"column":5},"end":{"line":186,"column":44}},"93":{"start":{"line":188,"column":5},"end":{"line":188,"column":27}},"94":{"start":{"line":190,"column":21},"end":{"line":190,"column":64}},"95":{"start":{"line":193,"column":2},"end":{"line":197,"column":3}},"96":{"start":{"line":194,"column":3},"end":{"line":194,"column":35}},"97":{"start":{"line":196,"column":3},"end":{"line":196,"column":47}},"98":{"start":{"line":204,"column":0},"end":{"line":226,"column":2}},"99":{"start":{"line":205,"column":1},"end":{"line":205,"column":38}},"100":{"start":{"line":206,"column":1},"end":{"line":206,"column":38}},"101":{"start":{"line":207,"column":1},"end":{"line":225,"column":3}},"102":{"start":{"line":208,"column":2},"end":{"line":218,"column":3}},"103":{"start":{"line":209,"column":3},"end":{"line":209,"column":35}},"104":{"start":{"line":211,"column":3},"end":{"line":217,"column":65}},"105":{"start":{"line":212,"column":4},"end":{"line":216,"column":5}},"106":{"start":{"line":213,"column":5},"end":{"line":213,"column":44}},"107":{"start":{"line":215,"column":5},"end":{"line":215,"column":27}},"108":{"start":{"line":217,"column":21},"end":{"line":217,"column":64}},"109":{"start":{"line":220,"column":2},"end":{"line":224,"column":3}},"110":{"start":{"line":221,"column":3},"end":{"line":221,"column":35}},"111":{"start":{"line":223,"column":3},"end":{"line":223,"column":47}},"112":{"start":{"line":231,"column":0},"end":{"line":254,"column":2}},"113":{"start":{"line":232,"column":1},"end":{"line":232,"column":25}},"114":{"start":{"line":233,"column":1},"end":{"line":233,"column":38}},"115":{"start":{"line":234,"column":1},"end":{"line":234,"column":38}},"116":{"start":{"line":235,"column":1},"end":{"line":253,"column":3}},"117":{"start":{"line":236,"column":2},"end":{"line":246,"column":3}},"118":{"start":{"line":237,"column":3},"end":{"line":237,"column":35}},"119":{"start":{"line":239,"column":3},"end":{"line":245,"column":66}},"120":{"start":{"line":240,"column":4},"end":{"line":244,"column":5}},"121":{"start":{"line":241,"column":5},"end":{"line":241,"column":44}},"122":{"start":{"line":243,"column":5},"end":{"line":243,"column":27}},"123":{"start":{"line":245,"column":21},"end":{"line":245,"column":65}},"124":{"start":{"line":248,"column":2},"end":{"line":252,"column":3}},"125":{"start":{"line":249,"column":3},"end":{"line":249,"column":35}},"126":{"start":{"line":251,"column":3},"end":{"line":251,"column":47}},"127":{"start":{"line":257,"column":0},"end":{"line":260,"column":3}},"128":{"start":{"line":261,"column":0},"end":{"line":264,"column":3}},"129":{"start":{"line":265,"column":0},"end":{"line":268,"column":3}}},"branchMap":{"1":{"line":87,"type":"if","locations":[{"start":{"line":87,"column":1},"end":{"line":87,"column":1}},{"start":{"line":87,"column":1},"end":{"line":87,"column":1}}]},"2":{"line":114,"type":"if","locations":[{"start":{"line":114,"column":2},"end":{"line":114,"column":2}},{"start":{"line":114,"column":2},"end":{"line":114,"column":2}}]},"3":{"line":131,"type":"if","locations":[{"start":{"line":131,"column":2},"end":{"line":131,"column":2}},{"start":{"line":131,"column":2},"end":{"line":131,"column":2}}]},"4":{"line":135,"type":"if","locations":[{"start":{"line":135,"column":4},"end":{"line":135,"column":4}},{"start":{"line":135,"column":4},"end":{"line":135,"column":4}}]},"5":{"line":143,"type":"if","locations":[{"start":{"line":143,"column":2},"end":{"line":143,"column":2}},{"start":{"line":143,"column":2},"end":{"line":143,"column":2}}]},"6":{"line":158,"type":"if","locations":[{"start":{"line":158,"column":2},"end":{"line":158,"column":2}},{"start":{"line":158,"column":2},"end":{"line":158,"column":2}}]},"7":{"line":162,"type":"if","locations":[{"start":{"line":162,"column":4},"end":{"line":162,"column":4}},{"start":{"line":162,"column":4},"end":{"line":162,"column":4}}]},"8":{"line":181,"type":"if","locations":[{"start":{"line":181,"column":2},"end":{"line":181,"column":2}},{"start":{"line":181,"column":2},"end":{"line":181,"column":2}}]},"9":{"line":185,"type":"if","locations":[{"start":{"line":185,"column":4},"end":{"line":185,"column":4}},{"start":{"line":185,"column":4},"end":{"line":185,"column":4}}]},"10":{"line":193,"type":"if","locations":[{"start":{"line":193,"column":2},"end":{"line":193,"column":2}},{"start":{"line":193,"column":2},"end":{"line":193,"column":2}}]},"11":{"line":208,"type":"if","locations":[{"start":{"line":208,"column":2},"end":{"line":208,"column":2}},{"start":{"line":208,"column":2},"end":{"line":208,"column":2}}]},"12":{"line":212,"type":"if","locations":[{"start":{"line":212,"column":4},"end":{"line":212,"column":4}},{"start":{"line":212,"column":4},"end":{"line":212,"column":4}}]},"13":{"line":220,"type":"if","locations":[{"start":{"line":220,"column":2},"end":{"line":220,"column":2}},{"start":{"line":220,"column":2},"end":{"line":220,"column":2}}]},"14":{"line":236,"type":"if","locations":[{"start":{"line":236,"column":2},"end":{"line":236,"column":2}},{"start":{"line":236,"column":2},"end":{"line":236,"column":2}}]},"15":{"line":240,"type":"if","locations":[{"start":{"line":240,"column":4},"end":{"line":240,"column":4}},{"start":{"line":240,"column":4},"end":{"line":240,"column":4}}]},"16":{"line":248,"type":"if","locations":[{"start":{"line":248,"column":2},"end":{"line":248,"column":2}},{"start":{"line":248,"column":2},"end":{"line":248,"column":2}}]}}},"/Users/Chris/304_RestAPI/js/openWeather.js":{"path":"/Users/Chris/304_RestAPI/js/openWeather.js","s":{"1":1,"2":1,"3":1,"4":1,"5":5,"6":5,"7":5,"8":5,"9":185,"10":185,"11":185,"12":185,"13":185,"14":1,"15":7,"16":7,"17":7,"18":7,"19":7,"20":7,"21":29,"22":7,"23":7,"24":7},"b":{"1":[0,185]},"f":{},"fnMap":{},"statementMap":{"1":{"start":{"line":3,"column":0},"end":{"line":3,"column":28}},"2":{"start":{"line":4,"column":0},"end":{"line":4,"column":49}},"3":{"start":{"line":5,"column":0},"end":{"line":5,"column":47}},"4":{"start":{"line":14,"column":0},"end":{"line":28,"column":3}},"5":{"start":{"line":15,"column":1},"end":{"line":28,"column":3}},"6":{"start":{"line":16,"column":2},"end":{"line":16,"column":32}},"7":{"start":{"line":17,"column":2},"end":{"line":27,"column":18}},"8":{"start":{"line":18,"column":3},"end":{"line":25,"column":6}},"9":{"start":{"line":20,"column":4},"end":{"line":20,"column":40}},"10":{"start":{"line":21,"column":4},"end":{"line":21,"column":40}},"11":{"start":{"line":22,"column":4},"end":{"line":22,"column":76}},"12":{"start":{"line":23,"column":4},"end":{"line":23,"column":76}},"13":{"start":{"line":24,"column":4},"end":{"line":24,"column":56}},"14":{"start":{"line":36,"column":0},"end":{"line":55,"column":1}},"15":{"start":{"line":37,"column":1},"end":{"line":37,"column":87}},"16":{"start":{"line":39,"column":1},"end":{"line":54,"column":3}},"17":{"start":{"line":41,"column":2},"end":{"line":41,"column":30}},"18":{"start":{"line":43,"column":2},"end":{"line":53,"column":4}},"19":{"start":{"line":45,"column":3},"end":{"line":45,"column":15}},"20":{"start":{"line":46,"column":3},"end":{"line":48,"column":5}},"21":{"start":{"line":47,"column":4},"end":{"line":47,"column":17}},"22":{"start":{"line":49,"column":3},"end":{"line":52,"column":5}},"23":{"start":{"line":50,"column":4},"end":{"line":50,"column":34}},"24":{"start":{"line":51,"column":4},"end":{"line":51,"column":18}}},"branchMap":{"1":{"line":24,"type":"cond-expr","locations":[{"start":{"line":24,"column":47},"end":{"line":24,"column":50}},{"start":{"line":24,"column":53},"end":{"line":24,"column":56}}]}}},"/Users/Chris/304_RestAPI/js/serverinfo.js":{"path":"/Users/Chris/304_RestAPI/js/serverinfo.js","s":{"1":1,"2":2,"3":2,"4":2,"5":2,"6":2,"7":2},"b":{},"f":{"1":2,"2":2},"fnMap":{"1":{"name":"(anonymous_1)","line":11,"loc":{"start":{"line":11,"column":12},"end":{"line":11,"column":37}}},"2":{"name":"(anonymous_2)","line":23,"loc":{"start":{"line":23,"column":9},"end":{"line":23,"column":16}}}},"statementMap":{"1":{"start":{"line":3,"column":0},"end":{"line":27,"column":1}},"2":{"start":{"line":12,"column":2},"end":{"line":12,"column":16}},"3":{"start":{"line":13,"column":2},"end":{"line":13,"column":18}},"4":{"start":{"line":14,"column":2},"end":{"line":14,"column":15}},"5":{"start":{"line":15,"column":2},"end":{"line":15,"column":20}},"6":{"start":{"line":16,"column":2},"end":{"line":16,"column":18}},"7":{"start":{"line":24,"column":2},"end":{"line":24,"column":22}}},"branchMap":{}}}