{"/Users/Chris/304_RestAPI/js/auth.js":{"path":"/Users/Chris/304_RestAPI/js/auth.js","s":{"1":1,"2":1,"3":1,"4":1,"5":1,"6":1,"7":2,"8":2,"9":2,"10":2,"11":0,"12":2,"13":1,"14":1,"15":1,"16":2,"17":2,"18":2,"19":2,"20":2,"21":2,"22":1,"23":1,"24":1,"25":2,"26":2,"27":2,"28":2,"29":0,"30":2,"31":1,"32":1,"33":1,"34":1,"35":1,"36":1,"37":1,"38":1,"39":0,"40":1,"41":1,"42":0,"43":1,"44":1,"45":2,"46":2,"47":2,"48":2,"49":0,"50":2,"51":1,"52":1,"53":1,"54":1,"55":1,"56":0,"57":1,"58":0,"59":1,"60":1,"61":2,"62":2,"63":2,"64":2,"65":0,"66":2,"67":1,"68":1,"69":1,"70":1,"71":0,"72":1,"73":1,"74":0,"75":1,"76":1,"77":1,"78":0,"79":1},"b":{"1":[0,2],"2":[1,1],"3":[1,1],"4":[0,2],"5":[1,1],"6":[0,1],"7":[0,1],"8":[0,2],"9":[0,1],"10":[0,1],"11":[0,2],"12":[0,1],"13":[0,1],"14":[0,1]},"f":{"1":2,"2":2,"3":2,"4":1,"5":2,"6":1,"7":2,"8":1},"fnMap":{"1":{"name":"(anonymous_1)","line":24,"loc":{"start":{"line":24,"column":23},"end":{"line":24,"column":52}}},"2":{"name":"(anonymous_2)","line":48,"loc":{"start":{"line":48,"column":26},"end":{"line":48,"column":41}}},"3":{"name":"(anonymous_3)","line":74,"loc":{"start":{"line":74,"column":22},"end":{"line":74,"column":41}}},"4":{"name":"(anonymous_4)","line":92,"loc":{"start":{"line":92,"column":25},"end":{"line":92,"column":40}}},"5":{"name":"(anonymous_5)","line":118,"loc":{"start":{"line":118,"column":30},"end":{"line":118,"column":55}}},"6":{"name":"(anonymous_6)","line":131,"loc":{"start":{"line":131,"column":31},"end":{"line":131,"column":46}}},"7":{"name":"(anonymous_7)","line":147,"loc":{"start":{"line":147,"column":30},"end":{"line":147,"column":45}}},"8":{"name":"(anonymous_8)","line":160,"loc":{"start":{"line":160,"column":32},"end":{"line":160,"column":56}}}},"statementMap":{"1":{"start":{"line":3,"column":0},"end":{"line":3,"column":30}},"2":{"start":{"line":4,"column":0},"end":{"line":4,"column":28}},"3":{"start":{"line":6,"column":0},"end":{"line":13,"column":2}},"4":{"start":{"line":15,"column":0},"end":{"line":15,"column":14}},"5":{"start":{"line":16,"column":0},"end":{"line":16,"column":18}},"6":{"start":{"line":24,"column":0},"end":{"line":41,"column":1}},"7":{"start":{"line":25,"column":1},"end":{"line":40,"column":3}},"8":{"start":{"line":27,"column":2},"end":{"line":27,"column":105}},"9":{"start":{"line":29,"column":2},"end":{"line":39,"column":4}},"10":{"start":{"line":30,"column":3},"end":{"line":32,"column":4}},"11":{"start":{"line":31,"column":4},"end":{"line":31,"column":15}},"12":{"start":{"line":34,"column":3},"end":{"line":38,"column":4}},"13":{"start":{"line":35,"column":4},"end":{"line":35,"column":17}},"14":{"start":{"line":37,"column":4},"end":{"line":37,"column":16}},"15":{"start":{"line":48,"column":0},"end":{"line":67,"column":1}},"16":{"start":{"line":49,"column":1},"end":{"line":66,"column":3}},"17":{"start":{"line":51,"column":2},"end":{"line":65,"column":4}},"18":{"start":{"line":53,"column":3},"end":{"line":64,"column":5}},"19":{"start":{"line":55,"column":4},"end":{"line":55,"column":129}},"20":{"start":{"line":57,"column":4},"end":{"line":63,"column":6}},"21":{"start":{"line":58,"column":5},"end":{"line":62,"column":6}},"22":{"start":{"line":59,"column":6},"end":{"line":59,"column":17}},"23":{"start":{"line":61,"column":6},"end":{"line":61,"column":31}},"24":{"start":{"line":74,"column":0},"end":{"line":90,"column":1}},"25":{"start":{"line":75,"column":1},"end":{"line":89,"column":3}},"26":{"start":{"line":77,"column":2},"end":{"line":77,"column":73}},"27":{"start":{"line":78,"column":2},"end":{"line":88,"column":4}},"28":{"start":{"line":79,"column":3},"end":{"line":81,"column":4}},"29":{"start":{"line":80,"column":4},"end":{"line":80,"column":15}},"30":{"start":{"line":83,"column":3},"end":{"line":87,"column":4}},"31":{"start":{"line":84,"column":4},"end":{"line":84,"column":17}},"32":{"start":{"line":86,"column":4},"end":{"line":86,"column":27}},"33":{"start":{"line":92,"column":0},"end":{"line":110,"column":1}},"34":{"start":{"line":93,"column":1},"end":{"line":109,"column":3}},"35":{"start":{"line":94,"column":2},"end":{"line":94,"column":71}},"36":{"start":{"line":95,"column":2},"end":{"line":95,"column":67}},"37":{"start":{"line":96,"column":2},"end":{"line":108,"column":4}},"38":{"start":{"line":97,"column":3},"end":{"line":107,"column":4}},"39":{"start":{"line":98,"column":4},"end":{"line":98,"column":15}},"40":{"start":{"line":100,"column":4},"end":{"line":106,"column":6}},"41":{"start":{"line":101,"column":5},"end":{"line":105,"column":6}},"42":{"start":{"line":102,"column":6},"end":{"line":102,"column":17}},"43":{"start":{"line":104,"column":6},"end":{"line":104,"column":18}},"44":{"start":{"line":118,"column":0},"end":{"line":129,"column":1}},"45":{"start":{"line":119,"column":1},"end":{"line":128,"column":3}},"46":{"start":{"line":120,"column":2},"end":{"line":120,"column":108}},"47":{"start":{"line":121,"column":2},"end":{"line":127,"column":4}},"48":{"start":{"line":122,"column":3},"end":{"line":126,"column":4}},"49":{"start":{"line":123,"column":4},"end":{"line":123,"column":15}},"50":{"start":{"line":125,"column":4},"end":{"line":125,"column":16}},"51":{"start":{"line":131,"column":0},"end":{"line":145,"column":1}},"52":{"start":{"line":132,"column":1},"end":{"line":144,"column":3}},"53":{"start":{"line":133,"column":2},"end":{"line":133,"column":82}},"54":{"start":{"line":134,"column":2},"end":{"line":143,"column":4}},"55":{"start":{"line":135,"column":3},"end":{"line":137,"column":4}},"56":{"start":{"line":136,"column":4},"end":{"line":136,"column":15}},"57":{"start":{"line":138,"column":3},"end":{"line":142,"column":4}},"58":{"start":{"line":139,"column":4},"end":{"line":139,"column":17}},"59":{"start":{"line":141,"column":4},"end":{"line":141,"column":16}},"60":{"start":{"line":147,"column":0},"end":{"line":158,"column":1}},"61":{"start":{"line":148,"column":1},"end":{"line":157,"column":3}},"62":{"start":{"line":149,"column":2},"end":{"line":149,"column":71}},"63":{"start":{"line":150,"column":2},"end":{"line":156,"column":4}},"64":{"start":{"line":151,"column":3},"end":{"line":155,"column":4}},"65":{"start":{"line":152,"column":4},"end":{"line":152,"column":15}},"66":{"start":{"line":154,"column":4},"end":{"line":154,"column":16}},"67":{"start":{"line":160,"column":0},"end":{"line":183,"column":1}},"68":{"start":{"line":161,"column":1},"end":{"line":182,"column":3}},"69":{"start":{"line":163,"column":2},"end":{"line":181,"column":4}},"70":{"start":{"line":164,"column":3},"end":{"line":166,"column":4}},"71":{"start":{"line":165,"column":4},"end":{"line":165,"column":15}},"72":{"start":{"line":168,"column":3},"end":{"line":180,"column":5}},"73":{"start":{"line":169,"column":4},"end":{"line":171,"column":5}},"74":{"start":{"line":170,"column":5},"end":{"line":170,"column":16}},"75":{"start":{"line":172,"column":4},"end":{"line":172,"column":100}},"76":{"start":{"line":173,"column":4},"end":{"line":179,"column":6}},"77":{"start":{"line":174,"column":5},"end":{"line":178,"column":6}},"78":{"start":{"line":175,"column":6},"end":{"line":175,"column":17}},"79":{"start":{"line":177,"column":6},"end":{"line":177,"column":18}}},"branchMap":{"1":{"line":30,"type":"if","locations":[{"start":{"line":30,"column":3},"end":{"line":30,"column":3}},{"start":{"line":30,"column":3},"end":{"line":30,"column":3}}]},"2":{"line":34,"type":"if","locations":[{"start":{"line":34,"column":3},"end":{"line":34,"column":3}},{"start":{"line":34,"column":3},"end":{"line":34,"column":3}}]},"3":{"line":58,"type":"if","locations":[{"start":{"line":58,"column":5},"end":{"line":58,"column":5}},{"start":{"line":58,"column":5},"end":{"line":58,"column":5}}]},"4":{"line":79,"type":"if","locations":[{"start":{"line":79,"column":3},"end":{"line":79,"column":3}},{"start":{"line":79,"column":3},"end":{"line":79,"column":3}}]},"5":{"line":83,"type":"if","locations":[{"start":{"line":83,"column":3},"end":{"line":83,"column":3}},{"start":{"line":83,"column":3},"end":{"line":83,"column":3}}]},"6":{"line":97,"type":"if","locations":[{"start":{"line":97,"column":3},"end":{"line":97,"column":3}},{"start":{"line":97,"column":3},"end":{"line":97,"column":3}}]},"7":{"line":101,"type":"if","locations":[{"start":{"line":101,"column":5},"end":{"line":101,"column":5}},{"start":{"line":101,"column":5},"end":{"line":101,"column":5}}]},"8":{"line":122,"type":"if","locations":[{"start":{"line":122,"column":3},"end":{"line":122,"column":3}},{"start":{"line":122,"column":3},"end":{"line":122,"column":3}}]},"9":{"line":135,"type":"if","locations":[{"start":{"line":135,"column":3},"end":{"line":135,"column":3}},{"start":{"line":135,"column":3},"end":{"line":135,"column":3}}]},"10":{"line":138,"type":"if","locations":[{"start":{"line":138,"column":3},"end":{"line":138,"column":3}},{"start":{"line":138,"column":3},"end":{"line":138,"column":3}}]},"11":{"line":151,"type":"if","locations":[{"start":{"line":151,"column":3},"end":{"line":151,"column":3}},{"start":{"line":151,"column":3},"end":{"line":151,"column":3}}]},"12":{"line":164,"type":"if","locations":[{"start":{"line":164,"column":3},"end":{"line":164,"column":3}},{"start":{"line":164,"column":3},"end":{"line":164,"column":3}}]},"13":{"line":169,"type":"if","locations":[{"start":{"line":169,"column":4},"end":{"line":169,"column":4}},{"start":{"line":169,"column":4},"end":{"line":169,"column":4}}]},"14":{"line":174,"type":"if","locations":[{"start":{"line":174,"column":5},"end":{"line":174,"column":5}},{"start":{"line":174,"column":5},"end":{"line":174,"column":5}}]}}},"/Users/Chris/304_RestAPI/js/foursquare.js":{"path":"/Users/Chris/304_RestAPI/js/foursquare.js","s":{"1":1,"2":1,"3":1,"4":1,"5":1,"6":1,"7":1,"8":1,"9":2,"10":2,"11":2,"12":2,"13":2,"14":2,"15":15,"16":2,"17":2,"18":2,"19":1,"20":1,"21":1,"22":1,"23":1,"24":1,"25":23,"26":1,"27":1,"28":1,"29":1,"30":10,"31":10,"32":1},"b":{},"f":{"1":2},"fnMap":{"1":{"name":"(anonymous_1)","line":19,"loc":{"start":{"line":19,"column":24},"end":{"line":19,"column":59}}}},"statementMap":{"1":{"start":{"line":3,"column":0},"end":{"line":3,"column":33}},"2":{"start":{"line":4,"column":0},"end":{"line":4,"column":33}},"3":{"start":{"line":5,"column":0},"end":{"line":5,"column":69}},"4":{"start":{"line":6,"column":0},"end":{"line":6,"column":73}},"5":{"start":{"line":7,"column":0},"end":{"line":7,"column":23}},"6":{"start":{"line":8,"column":0},"end":{"line":8,"column":53}},"7":{"start":{"line":9,"column":0},"end":{"line":9,"column":44}},"8":{"start":{"line":19,"column":0},"end":{"line":36,"column":2}},"9":{"start":{"line":20,"column":1},"end":{"line":36,"column":1}},"10":{"start":{"line":22,"column":2},"end":{"line":22,"column":148}},"11":{"start":{"line":23,"column":2},"end":{"line":23,"column":30}},"12":{"start":{"line":25,"column":2},"end":{"line":34,"column":4}},"13":{"start":{"line":26,"column":3},"end":{"line":26,"column":15}},"14":{"start":{"line":27,"column":3},"end":{"line":29,"column":5}},"15":{"start":{"line":28,"column":4},"end":{"line":28,"column":17}},"16":{"start":{"line":30,"column":3},"end":{"line":33,"column":5}},"17":{"start":{"line":31,"column":4},"end":{"line":31,"column":34}},"18":{"start":{"line":32,"column":4},"end":{"line":32,"column":18}},"19":{"start":{"line":42,"column":0},"end":{"line":63,"column":1}},"20":{"start":{"line":44,"column":1},"end":{"line":44,"column":140}},"21":{"start":{"line":45,"column":1},"end":{"line":62,"column":3}},"22":{"start":{"line":46,"column":2},"end":{"line":61,"column":4}},"23":{"start":{"line":48,"column":3},"end":{"line":48,"column":15}},"24":{"start":{"line":49,"column":3},"end":{"line":51,"column":5}},"25":{"start":{"line":50,"column":4},"end":{"line":50,"column":17}},"26":{"start":{"line":52,"column":3},"end":{"line":60,"column":5}},"27":{"start":{"line":53,"column":4},"end":{"line":53,"column":32}},"28":{"start":{"line":54,"column":4},"end":{"line":54,"column":18}},"29":{"start":{"line":55,"column":4},"end":{"line":58,"column":5}},"30":{"start":{"line":56,"column":5},"end":{"line":56,"column":50}},"31":{"start":{"line":57,"column":5},"end":{"line":57,"column":49}},"32":{"start":{"line":59,"column":4},"end":{"line":59,"column":15}}},"branchMap":{}},"/Users/Chris/304_RestAPI/js/geoCoder.js":{"path":"/Users/Chris/304_RestAPI/js/geoCoder.js","s":{"1":1,"2":1,"3":2,"4":2,"5":2,"6":1,"7":1},"b":{"1":[1,1]},"f":{"1":2,"2":2},"fnMap":{"1":{"name":"(anonymous_1)","line":10,"loc":{"start":{"line":10,"column":17},"end":{"line":10,"column":33}}},"2":{"name":"(anonymous_2)","line":13,"loc":{"start":{"line":13,"column":28},"end":{"line":13,"column":46}}}},"statementMap":{"1":{"start":{"line":3,"column":0},"end":{"line":3,"column":39}},"2":{"start":{"line":10,"column":0},"end":{"line":21,"column":1}},"3":{"start":{"line":11,"column":1},"end":{"line":20,"column":3}},"4":{"start":{"line":13,"column":2},"end":{"line":19,"column":4}},"5":{"start":{"line":14,"column":3},"end":{"line":18,"column":4}},"6":{"start":{"line":15,"column":4},"end":{"line":15,"column":15}},"7":{"start":{"line":17,"column":4},"end":{"line":17,"column":15}}},"branchMap":{"1":{"line":14,"type":"if","locations":[{"start":{"line":14,"column":3},"end":{"line":14,"column":3}},{"start":{"line":14,"column":3},"end":{"line":14,"column":3}}]}}},"/Users/Chris/304_RestAPI/js/openWeather.js":{"path":"/Users/Chris/304_RestAPI/js/openWeather.js","s":{"1":1,"2":1,"3":1,"4":1,"5":1,"6":1,"7":1,"8":1,"9":38,"10":38,"11":38,"12":38,"13":38,"14":1,"15":3,"16":3,"17":3,"18":3,"19":3,"20":3,"21":13,"22":3,"23":3,"24":3},"b":{"1":[0,38]},"f":{},"fnMap":{},"statementMap":{"1":{"start":{"line":3,"column":0},"end":{"line":3,"column":28}},"2":{"start":{"line":4,"column":0},"end":{"line":4,"column":49}},"3":{"start":{"line":5,"column":0},"end":{"line":5,"column":47}},"4":{"start":{"line":14,"column":0},"end":{"line":28,"column":3}},"5":{"start":{"line":15,"column":1},"end":{"line":28,"column":3}},"6":{"start":{"line":16,"column":2},"end":{"line":16,"column":32}},"7":{"start":{"line":17,"column":2},"end":{"line":27,"column":18}},"8":{"start":{"line":18,"column":3},"end":{"line":25,"column":6}},"9":{"start":{"line":20,"column":4},"end":{"line":20,"column":40}},"10":{"start":{"line":21,"column":4},"end":{"line":21,"column":40}},"11":{"start":{"line":22,"column":4},"end":{"line":22,"column":76}},"12":{"start":{"line":23,"column":4},"end":{"line":23,"column":76}},"13":{"start":{"line":24,"column":4},"end":{"line":24,"column":56}},"14":{"start":{"line":36,"column":0},"end":{"line":55,"column":1}},"15":{"start":{"line":37,"column":1},"end":{"line":37,"column":87}},"16":{"start":{"line":39,"column":1},"end":{"line":54,"column":3}},"17":{"start":{"line":41,"column":2},"end":{"line":41,"column":30}},"18":{"start":{"line":43,"column":2},"end":{"line":53,"column":4}},"19":{"start":{"line":45,"column":3},"end":{"line":45,"column":15}},"20":{"start":{"line":46,"column":3},"end":{"line":48,"column":5}},"21":{"start":{"line":47,"column":4},"end":{"line":47,"column":17}},"22":{"start":{"line":49,"column":3},"end":{"line":52,"column":5}},"23":{"start":{"line":50,"column":4},"end":{"line":50,"column":34}},"24":{"start":{"line":51,"column":4},"end":{"line":51,"column":18}}},"branchMap":{"1":{"line":24,"type":"cond-expr","locations":[{"start":{"line":24,"column":47},"end":{"line":24,"column":50}},{"start":{"line":24,"column":53},"end":{"line":24,"column":56}}]}}},"/Users/Chris/304_RestAPI/js/serverinfo.js":{"path":"/Users/Chris/304_RestAPI/js/serverinfo.js","s":{"1":1,"2":1,"3":1,"4":1,"5":1,"6":1,"7":1},"b":{},"f":{"1":1,"2":1},"fnMap":{"1":{"name":"(anonymous_1)","line":11,"loc":{"start":{"line":11,"column":12},"end":{"line":11,"column":37}}},"2":{"name":"(anonymous_2)","line":23,"loc":{"start":{"line":23,"column":9},"end":{"line":23,"column":16}}}},"statementMap":{"1":{"start":{"line":3,"column":0},"end":{"line":27,"column":1}},"2":{"start":{"line":12,"column":2},"end":{"line":12,"column":16}},"3":{"start":{"line":13,"column":2},"end":{"line":13,"column":18}},"4":{"start":{"line":14,"column":2},"end":{"line":14,"column":15}},"5":{"start":{"line":15,"column":2},"end":{"line":15,"column":20}},"6":{"start":{"line":16,"column":2},"end":{"line":16,"column":18}},"7":{"start":{"line":24,"column":2},"end":{"line":24,"column":22}}},"branchMap":{}}}