TN:
SF:/Users/Chris/304_RestAPI/js/auth.js
FN:24,(anonymous_1)
FN:48,(anonymous_2)
FN:74,(anonymous_3)
FN:92,(anonymous_4)
FN:118,(anonymous_5)
FN:131,(anonymous_6)
FN:147,(anonymous_7)
FN:160,(anonymous_8)
FNF:8
FNH:8
FNDA:2,(anonymous_1)
FNDA:2,(anonymous_2)
FNDA:2,(anonymous_3)
FNDA:1,(anonymous_4)
FNDA:2,(anonymous_5)
FNDA:1,(anonymous_6)
FNDA:2,(anonymous_7)
FNDA:1,(anonymous_8)
DA:3,1
DA:4,1
DA:6,1
DA:15,1
DA:16,1
DA:24,1
DA:25,2
DA:27,2
DA:29,2
DA:30,2
DA:31,0
DA:34,2
DA:35,1
DA:37,1
DA:48,1
DA:49,2
DA:51,2
DA:53,2
DA:55,2
DA:57,2
DA:58,2
DA:59,1
DA:61,1
DA:74,1
DA:75,2
DA:77,2
DA:78,2
DA:79,2
DA:80,0
DA:83,2
DA:84,1
DA:86,1
DA:92,1
DA:93,1
DA:94,1
DA:95,1
DA:96,1
DA:97,1
DA:98,0
DA:100,1
DA:101,1
DA:102,0
DA:104,1
DA:118,1
DA:119,2
DA:120,2
DA:121,2
DA:122,2
DA:123,0
DA:125,2
DA:131,1
DA:132,1
DA:133,1
DA:134,1
DA:135,1
DA:136,0
DA:138,1
DA:139,0
DA:141,1
DA:147,1
DA:148,2
DA:149,2
DA:150,2
DA:151,2
DA:152,0
DA:154,2
DA:160,1
DA:161,1
DA:163,1
DA:164,1
DA:165,0
DA:168,1
DA:169,1
DA:170,0
DA:172,1
DA:173,1
DA:174,1
DA:175,0
DA:177,1
LF:79
LH:68
BRDA:30,1,0,0
BRDA:30,1,1,2
BRDA:34,2,0,1
BRDA:34,2,1,1
BRDA:58,3,0,1
BRDA:58,3,1,1
BRDA:79,4,0,0
BRDA:79,4,1,2
BRDA:83,5,0,1
BRDA:83,5,1,1
BRDA:97,6,0,0
BRDA:97,6,1,1
BRDA:101,7,0,0
BRDA:101,7,1,1
BRDA:122,8,0,0
BRDA:122,8,1,2
BRDA:135,9,0,0
BRDA:135,9,1,1
BRDA:138,10,0,0
BRDA:138,10,1,1
BRDA:151,11,0,0
BRDA:151,11,1,2
BRDA:164,12,0,0
BRDA:164,12,1,1
BRDA:169,13,0,0
BRDA:169,13,1,1
BRDA:174,14,0,0
BRDA:174,14,1,1
BRF:28
BRH:17
end_of_record
TN:
SF:/Users/Chris/304_RestAPI/js/foursquare.js
FN:19,(anonymous_1)
FNF:1
FNH:1
FNDA:2,(anonymous_1)
DA:3,1
DA:4,1
DA:5,1
DA:6,1
DA:7,1
DA:8,1
DA:9,1
DA:19,1
DA:20,2
DA:22,2
DA:23,2
DA:25,2
DA:26,2
DA:27,2
DA:28,15
DA:30,2
DA:31,2
DA:32,2
DA:42,1
DA:44,1
DA:45,1
DA:46,1
DA:48,1
DA:49,1
DA:50,23
DA:52,1
DA:53,1
DA:54,1
DA:55,1
DA:56,10
DA:57,10
DA:59,1
LF:32
LH:32
BRF:0
BRH:0
end_of_record
TN:
SF:/Users/Chris/304_RestAPI/js/geoCoder.js
FN:10,(anonymous_1)
FN:13,(anonymous_2)
FNF:2
FNH:2
FNDA:2,(anonymous_1)
FNDA:2,(anonymous_2)
DA:3,1
DA:10,1
DA:11,2
DA:13,2
DA:14,2
DA:15,1
DA:17,1
LF:7
LH:7
BRDA:14,1,0,1
BRDA:14,1,1,1
BRF:2
BRH:2
end_of_record
TN:
SF:/Users/Chris/304_RestAPI/js/openWeather.js
FNF:0
FNH:0
DA:3,1
DA:4,1
DA:5,1
DA:14,1
DA:15,1
DA:16,1
DA:17,1
DA:18,1
DA:20,38
DA:21,38
DA:22,38
DA:23,38
DA:24,38
DA:36,1
DA:37,3
DA:39,3
DA:41,3
DA:43,3
DA:45,3
DA:46,3
DA:47,13
DA:49,3
DA:50,3
DA:51,3
LF:24
LH:24
BRDA:24,1,0,0
BRDA:24,1,1,38
BRF:2
BRH:1
end_of_record
TN:
SF:/Users/Chris/304_RestAPI/js/serverinfo.js
FN:11,(anonymous_1)
FN:23,(anonymous_2)
FNF:2
FNH:2
FNDA:1,(anonymous_1)
FNDA:1,(anonymous_2)
DA:3,1
DA:12,1
DA:13,1
DA:14,1
DA:15,1
DA:16,1
DA:24,1
LF:7
LH:7
BRF:0
BRH:0
end_of_record
