TN:
SF:/Users/Chris/304_RestAPI/js/auth.js
FN:24,(anonymous_1)
FN:60,(anonymous_2)
FN:97,(anonymous_3)
FN:119,(anonymous_4)
FN:145,(anonymous_5)
FN:163,(anonymous_6)
FN:184,(anonymous_7)
FN:203,(anonymous_8)
FNF:8
FNH:8
FNDA:14,(anonymous_1)
FNDA:3,(anonymous_2)
FNDA:16,(anonymous_3)
FNDA:2,(anonymous_4)
FNDA:2,(anonymous_5)
FNDA:2,(anonymous_6)
FNDA:2,(anonymous_7)
FNDA:2,(anonymous_8)
DA:3,1
DA:4,1
DA:6,1
DA:15,1
DA:16,1
DA:24,1
DA:25,14
DA:26,14
DA:27,12
DA:28,12
DA:29,5
DA:32,12
DA:34,12
DA:35,12
DA:36,0
DA:37,0
DA:39,0
DA:42,12
DA:43,0
DA:45,12
DA:50,2
DA:60,1
DA:61,3
DA:62,3
DA:64,2
DA:65,2
DA:66,0
DA:69,2
DA:70,2
DA:71,0
DA:74,2
DA:76,2
DA:77,2
DA:78,0
DA:79,0
DA:81,0
DA:84,2
DA:97,1
DA:98,16
DA:100,16
DA:101,16
DA:102,16
DA:103,0
DA:106,16
DA:107,3
DA:109,13
DA:119,1
DA:120,2
DA:121,2
DA:122,2
DA:123,2
DA:124,2
DA:125,0
DA:127,2
DA:128,2
DA:129,0
DA:131,2
DA:145,1
DA:146,2
DA:147,2
DA:148,2
DA:149,2
DA:150,0
DA:152,2
DA:163,1
DA:164,2
DA:165,2
DA:166,2
DA:167,2
DA:168,0
DA:170,2
DA:171,0
DA:173,2
DA:184,1
DA:185,2
DA:186,2
DA:187,2
DA:188,2
DA:189,0
DA:191,2
DA:203,1
DA:204,2
DA:205,2
DA:207,2
DA:208,2
DA:209,0
DA:212,2
DA:213,2
DA:214,0
DA:216,2
DA:217,2
DA:218,2
DA:219,0
DA:221,2
LF:94
LH:75
BRDA:28,1,0,5
BRDA:28,1,1,7
BRDA:35,2,0,0
BRDA:35,2,1,12
BRDA:36,3,0,0
BRDA:36,3,1,0
BRDA:42,4,0,0
BRDA:42,4,1,12
BRDA:65,5,0,0
BRDA:65,5,1,2
BRDA:70,6,0,0
BRDA:70,6,1,2
BRDA:77,7,0,0
BRDA:77,7,1,2
BRDA:78,8,0,0
BRDA:78,8,1,0
BRDA:102,9,0,0
BRDA:102,9,1,16
BRDA:106,10,0,3
BRDA:106,10,1,13
BRDA:124,11,0,0
BRDA:124,11,1,2
BRDA:128,12,0,0
BRDA:128,12,1,2
BRDA:149,13,0,0
BRDA:149,13,1,2
BRDA:167,14,0,0
BRDA:167,14,1,2
BRDA:170,15,0,0
BRDA:170,15,1,2
BRDA:188,16,0,0
BRDA:188,16,1,2
BRDA:208,17,0,0
BRDA:208,17,1,2
BRDA:213,18,0,0
BRDA:213,18,1,2
BRDA:218,19,0,0
BRDA:218,19,1,2
BRF:38
BRH:19
end_of_record
TN:
SF:/Users/Chris/304_RestAPI/js/foursquare.js
FN:22,(anonymous_1)
FNF:1
FNH:1
FNDA:4,(anonymous_1)
DA:3,1
DA:4,1
DA:5,1
DA:6,1
DA:7,1
DA:8,1
DA:9,1
DA:10,1
DA:11,1
DA:12,1
DA:22,1
DA:23,4
DA:25,4
DA:26,4
DA:28,4
DA:29,4
DA:30,4
DA:31,30
DA:33,4
DA:34,4
DA:35,4
DA:36,2
DA:38,2
DA:39,2
DA:40,20
DA:41,20
DA:43,2
DA:54,1
DA:56,2
DA:57,2
DA:58,2
DA:60,2
DA:61,2
DA:62,57
DA:64,2
DA:65,2
DA:66,2
DA:67,2
DA:68,20
DA:69,20
DA:71,2
LF:41
LH:41
BRDA:35,1,0,2
BRDA:35,1,1,2
BRF:2
BRH:2
end_of_record
TN:
SF:/Users/Chris/304_RestAPI/js/geoCoder.js
FN:10,(anonymous_1)
FN:13,(anonymous_2)
FNF:2
FNH:2
FNDA:6,(anonymous_1)
FNDA:6,(anonymous_2)
DA:3,1
DA:10,1
DA:11,6
DA:13,6
DA:14,6
DA:15,1
DA:17,5
LF:7
LH:7
BRDA:14,1,0,1
BRDA:14,1,1,5
BRF:2
BRH:2
end_of_record
TN:
SF:/Users/Chris/304_RestAPI/js/index.js
FNF:0
FNH:0
DA:2,1
DA:3,1
DA:4,1
DA:5,1
DA:6,1
DA:7,1
DA:8,1
DA:9,1
DA:10,1
DA:11,1
DA:12,1
DA:16,1
DA:32,1
DA:33,1
DA:34,1
DA:35,1
DA:36,1
DA:44,1
DA:46,1
DA:47,1
DA:52,1
DA:53,2
DA:54,2
DA:55,2
DA:56,2
DA:57,2
DA:58,2
DA:59,2
DA:61,2
DA:63,1
DA:64,1
DA:66,0
DA:72,1
DA:73,2
DA:74,2
DA:75,2
DA:78,0
DA:86,1
DA:87,1
DA:88,0
DA:90,1
DA:91,1
DA:94,0
DA:102,1
DA:103,2
DA:104,1
DA:110,1
DA:111,2
DA:112,2
DA:113,2
DA:114,1
DA:115,1
DA:117,0
DA:120,1
DA:126,1
DA:127,2
DA:128,2
DA:129,2
DA:130,1
DA:131,1
DA:132,0
DA:134,1
DA:135,1
DA:136,0
DA:138,1
DA:140,0
DA:143,1
DA:144,0
DA:146,1
DA:148,0
DA:154,1
DA:155,2
DA:156,2
DA:157,2
DA:158,1
DA:159,0
DA:161,1
DA:162,1
DA:163,0
DA:165,1
DA:167,0
DA:170,1
DA:177,1
DA:178,2
DA:179,2
DA:180,2
DA:181,1
DA:182,0
DA:184,1
DA:185,1
DA:186,0
DA:188,1
DA:190,0
DA:193,1
DA:194,0
DA:196,1
DA:204,1
DA:205,2
DA:206,2
DA:207,2
DA:208,1
DA:209,0
DA:211,1
DA:212,1
DA:213,0
DA:215,1
DA:217,0
DA:220,1
DA:221,0
DA:223,1
DA:231,1
DA:232,2
DA:233,2
DA:234,2
DA:235,2
DA:236,1
DA:237,0
DA:239,1
DA:240,1
DA:241,0
DA:243,1
DA:245,0
DA:248,1
DA:249,0
DA:251,1
DA:257,1
DA:261,1
DA:265,1
LF:128
LH:103
BRDA:87,1,0,0
BRDA:87,1,1,1
BRDA:114,2,0,1
BRDA:114,2,1,0
BRDA:131,3,0,0
BRDA:131,3,1,1
BRDA:135,4,0,0
BRDA:135,4,1,1
BRDA:143,5,0,0
BRDA:143,5,1,1
BRDA:158,6,0,0
BRDA:158,6,1,1
BRDA:162,7,0,0
BRDA:162,7,1,1
BRDA:181,8,0,0
BRDA:181,8,1,1
BRDA:185,9,0,0
BRDA:185,9,1,1
BRDA:193,10,0,0
BRDA:193,10,1,1
BRDA:208,11,0,0
BRDA:208,11,1,1
BRDA:212,12,0,0
BRDA:212,12,1,1
BRDA:220,13,0,0
BRDA:220,13,1,1
BRDA:236,14,0,0
BRDA:236,14,1,1
BRDA:240,15,0,0
BRDA:240,15,1,1
BRDA:248,16,0,0
BRDA:248,16,1,1
BRF:32
BRH:16
end_of_record
TN:
SF:/Users/Chris/304_RestAPI/js/openWeather.js
FNF:0
FNH:0
DA:3,1
DA:4,1
DA:5,1
DA:14,1
DA:15,5
DA:16,5
DA:17,5
DA:18,5
DA:20,185
DA:21,185
DA:22,185
DA:23,185
DA:24,185
DA:36,1
DA:37,7
DA:39,7
DA:41,7
DA:43,7
DA:45,7
DA:46,7
DA:47,37
DA:49,7
DA:50,7
DA:51,7
LF:24
LH:24
BRDA:24,1,0,0
BRDA:24,1,1,185
BRF:2
BRH:1
end_of_record
TN:
SF:/Users/Chris/304_RestAPI/js/serverinfo.js
FN:11,(anonymous_1)
FN:23,(anonymous_2)
FNF:2
FNH:2
FNDA:2,(anonymous_1)
FNDA:2,(anonymous_2)
DA:3,1
DA:12,2
DA:13,2
DA:14,2
DA:15,2
DA:16,2
DA:24,2
LF:7
LH:7
BRF:0
BRH:0
end_of_record
